Determining if the pthread_create exist failed with the following output:
Change Dir: /root/workspace/activityTool/Debug/CMakeFiles/CMakeTmp

Run Build Command:/usr/bin/gmake "cmTryCompileExec1260030411/fast"
/usr/bin/gmake -f CMakeFiles/cmTryCompileExec1260030411.dir/build.make CMakeFiles/cmTryCompileExec1260030411.dir/build
gmake[1]: Entering directory `/root/workspace/activityTool/Debug/CMakeFiles/CMakeTmp'
/usr/bin/cmake -E cmake_progress_report /root/workspace/activityTool/Debug/CMakeFiles/CMakeTmp/CMakeFiles 1
Building C object CMakeFiles/cmTryCompileExec1260030411.dir/CheckSymbolExists.c.o
/usr/bin/cc    -o CMakeFiles/cmTryCompileExec1260030411.dir/CheckSymbolExists.c.o   -c /root/workspace/activityTool/Debug/CMakeFiles/CMakeTmp/CheckSymbolExists.c
Linking C executable cmTryCompileExec1260030411
/usr/bin/cmake -E cmake_link_script CMakeFiles/cmTryCompileExec1260030411.dir/link.txt --verbose=1
/usr/bin/cc       CMakeFiles/cmTryCompileExec1260030411.dir/CheckSymbolExists.c.o  -o cmTryCompileExec1260030411 -rdynamic 
CMakeFiles/cmTryCompileExec1260030411.dir/CheckSymbolExists.c.o: In function `main':
CheckSymbolExists.c:(.text+0x16): undefined reference to `pthread_create'
collect2: 错误：ld 返回 1
gmake[1]: Leaving directory `/root/workspace/activityTool/Debug/CMakeFiles/CMakeTmp'
gmake[1]: *** [cmTryCompileExec1260030411] 错误 1
gmake: *** [cmTryCompileExec1260030411/fast] 错误 2

File /root/workspace/activityTool/Debug/CMakeFiles/CMakeTmp/CheckSymbolExists.c:
/* */
#include <pthread.h>

int main(int argc, char** argv)
{
  (void)argv;
#ifndef pthread_create
  return ((int*)(&pthread_create))[argc];
#else
  (void)argc;
  return 0;
#endif
}

Determining if the function pthread_create exists in the pthreads failed with the following output:
Change Dir: /root/workspace/activityTool/Debug/CMakeFiles/CMakeTmp

Run Build Command:/usr/bin/gmake "cmTryCompileExec4188705434/fast"
/usr/bin/gmake -f CMakeFiles/cmTryCompileExec4188705434.dir/build.make CMakeFiles/cmTryCompileExec4188705434.dir/build
gmake[1]: Entering directory `/root/workspace/activityTool/Debug/CMakeFiles/CMakeTmp'
/usr/bin/cmake -E cmake_progress_report /root/workspace/activityTool/Debug/CMakeFiles/CMakeTmp/CMakeFiles 1
Building C object CMakeFiles/cmTryCompileExec4188705434.dir/CheckFunctionExists.c.o
/usr/bin/cc   -DCHECK_FUNCTION_EXISTS=pthread_create   -o CMakeFiles/cmTryCompileExec4188705434.dir/CheckFunctionExists.c.o   -c /usr/share/cmake/Modules/CheckFunctionExists.c
Linking C executable cmTryCompileExec4188705434
/usr/bin/cmake -E cmake_link_script CMakeFiles/cmTryCompileExec4188705434.dir/link.txt --verbose=1
/usr/bin/cc   -DCHECK_FUNCTION_EXISTS=pthread_create    CMakeFiles/cmTryCompileExec4188705434.dir/CheckFunctionExists.c.o  -o cmTryCompileExec4188705434 -rdynamic -lpthreads 
/usr/bin/ld: cannot find -lpthreads
collect2: 错误：ld 返回 1
gmake[1]: Leaving directory `/root/workspace/activityTool/Debug/CMakeFiles/CMakeTmp'
gmake[1]: *** [cmTryCompileExec4188705434] 错误 1
gmake: *** [cmTryCompileExec4188705434/fast] 错误 2


