The system is: Linux - 2.6.32-358.el6.x86_64 - x86_64
Compiling the C compiler identification source file "CMakeCCompilerId.c" succeeded.
Compiler: /usr/bin/cc 
Build flags: 
Id flags: 

The output was:
0


Compilation of the C compiler identification source "CMakeCCompilerId.c" produced "a.out"

The C compiler identification is GNU, found in "/root/workspace/activityTool/Debug/CMakeFiles/2.8.12.2/CompilerIdC/a.out"

Compiling the CXX compiler identification source file "CMakeCXXCompilerId.cpp" succeeded.
Compiler: /usr/bin/c++ 
Build flags: 
Id flags: 

The output was:
0


Compilation of the CXX compiler identification source "CMakeCXXCompilerId.cpp" produced "a.out"

The CXX compiler identification is GNU, found in "/root/workspace/activityTool/Debug/CMakeFiles/2.8.12.2/CompilerIdCXX/a.out"

Determining if the C compiler works passed with the following output:
Change Dir: /root/workspace/activityTool/Debug/CMakeFiles/CMakeTmp

Run Build Command:/usr/bin/gmake "cmTryCompileExec3772607159/fast"
/usr/bin/gmake -f CMakeFiles/cmTryCompileExec3772607159.dir/build.make CMakeFiles/cmTryCompileExec3772607159.dir/build
gmake[1]: Entering directory `/root/workspace/activityTool/Debug/CMakeFiles/CMakeTmp'
/usr/bin/cmake -E cmake_progress_report /root/workspace/activityTool/Debug/CMakeFiles/CMakeTmp/CMakeFiles 1
Building C object CMakeFiles/cmTryCompileExec3772607159.dir/testCCompiler.c.o
/usr/bin/cc    -o CMakeFiles/cmTryCompileExec3772607159.dir/testCCompiler.c.o   -c /root/workspace/activityTool/Debug/CMakeFiles/CMakeTmp/testCCompiler.c
Linking C executable cmTryCompileExec3772607159
/usr/bin/cmake -E cmake_link_script CMakeFiles/cmTryCompileExec3772607159.dir/link.txt --verbose=1
/usr/bin/cc       CMakeFiles/cmTryCompileExec3772607159.dir/testCCompiler.c.o  -o cmTryCompileExec3772607159 -rdynamic 
gmake[1]: Leaving directory `/root/workspace/activityTool/Debug/CMakeFiles/CMakeTmp'


Detecting C compiler ABI info compiled with the following output:
Change Dir: /root/workspace/activityTool/Debug/CMakeFiles/CMakeTmp

Run Build Command:/usr/bin/gmake "cmTryCompileExec3283339253/fast"
/usr/bin/gmake -f CMakeFiles/cmTryCompileExec3283339253.dir/build.make CMakeFiles/cmTryCompileExec3283339253.dir/build
gmake[1]: Entering directory `/root/workspace/activityTool/Debug/CMakeFiles/CMakeTmp'
/usr/bin/cmake -E cmake_progress_report /root/workspace/activityTool/Debug/CMakeFiles/CMakeTmp/CMakeFiles 1
Building C object CMakeFiles/cmTryCompileExec3283339253.dir/CMakeCCompilerABI.c.o
/usr/bin/cc    -o CMakeFiles/cmTryCompileExec3283339253.dir/CMakeCCompilerABI.c.o   -c /usr/share/cmake/Modules/CMakeCCompilerABI.c
Linking C executable cmTryCompileExec3283339253
/usr/bin/cmake -E cmake_link_script CMakeFiles/cmTryCompileExec3283339253.dir/link.txt --verbose=1
/usr/bin/cc     -v CMakeFiles/cmTryCompileExec3283339253.dir/CMakeCCompilerABI.c.o  -o cmTryCompileExec3283339253 -rdynamic  
使用内建 specs。
COLLECT_GCC=/usr/bin/cc
COLLECT_LTO_WRAPPER=/usr/local/libexec/gcc/x86_64-unknown-linux-gnu/4.9.4/lto-wrapper
目标：x86_64-unknown-linux-gnu
配置为：../configure -enable-checking=release -enable-languages=c,c++ -disable-multilib
线程模型：posix
gcc 版本 4.9.4 (GCC) 
COMPILER_PATH=/usr/local/libexec/gcc/x86_64-unknown-linux-gnu/4.9.4/:/usr/local/libexec/gcc/x86_64-unknown-linux-gnu/4.9.4/:/usr/local/libexec/gcc/x86_64-unknown-linux-gnu/:/usr/local/lib/gcc/x86_64-unknown-linux-gnu/4.9.4/:/usr/local/lib/gcc/x86_64-unknown-linux-gnu/
LIBRARY_PATH=/usr/local/lib/gcc/x86_64-unknown-linux-gnu/4.9.4/:/usr/local/lib/gcc/x86_64-unknown-linux-gnu/4.9.4/../../../../lib64/:/lib/../lib64/:/usr/lib/../lib64/:./:/usr/local/protobuf/lib/:/usr/local/lib/gcc/x86_64-unknown-linux-gnu/4.9.4/../../../:/lib/:/usr/lib/
COLLECT_GCC_OPTIONS='-v' '-o' 'cmTryCompileExec3283339253' '-rdynamic' '-mtune=generic' '-march=x86-64'
 /usr/local/libexec/gcc/x86_64-unknown-linux-gnu/4.9.4/collect2 --eh-frame-hdr -m elf_x86_64 -export-dynamic -dynamic-linker /lib64/ld-linux-x86-64.so.2 -o cmTryCompileExec3283339253 /usr/lib/../lib64/crt1.o /usr/lib/../lib64/crti.o /usr/local/lib/gcc/x86_64-unknown-linux-gnu/4.9.4/crtbegin.o -L/usr/local/lib/gcc/x86_64-unknown-linux-gnu/4.9.4 -L/usr/local/lib/gcc/x86_64-unknown-linux-gnu/4.9.4/../../../../lib64 -L/lib/../lib64 -L/usr/lib/../lib64 -L. -L/usr/local/protobuf/lib -L/usr/local/lib/gcc/x86_64-unknown-linux-gnu/4.9.4/../../.. CMakeFiles/cmTryCompileExec3283339253.dir/CMakeCCompilerABI.c.o -lgcc --as-needed -lgcc_s --no-as-needed -lc -lgcc --as-needed -lgcc_s --no-as-needed /usr/local/lib/gcc/x86_64-unknown-linux-gnu/4.9.4/crtend.o /usr/lib/../lib64/crtn.o
gmake[1]: Leaving directory `/root/workspace/activityTool/Debug/CMakeFiles/CMakeTmp'


Parsed C implicit link information from above output:
  link line regex: [^( *|.*[/\])(ld|([^/\]+-)?ld|collect2)[^/\]*( |$)]
  ignore line: [Change Dir: /root/workspace/activityTool/Debug/CMakeFiles/CMakeTmp]
  ignore line: []
  ignore line: [Run Build Command:/usr/bin/gmake "cmTryCompileExec3283339253/fast"]
  ignore line: [/usr/bin/gmake -f CMakeFiles/cmTryCompileExec3283339253.dir/build.make CMakeFiles/cmTryCompileExec3283339253.dir/build]
  ignore line: [gmake[1]: Entering directory `/root/workspace/activityTool/Debug/CMakeFiles/CMakeTmp']
  ignore line: [/usr/bin/cmake -E cmake_progress_report /root/workspace/activityTool/Debug/CMakeFiles/CMakeTmp/CMakeFiles 1]
  ignore line: [Building C object CMakeFiles/cmTryCompileExec3283339253.dir/CMakeCCompilerABI.c.o]
  ignore line: [/usr/bin/cc    -o CMakeFiles/cmTryCompileExec3283339253.dir/CMakeCCompilerABI.c.o   -c /usr/share/cmake/Modules/CMakeCCompilerABI.c]
  ignore line: [Linking C executable cmTryCompileExec3283339253]
  ignore line: [/usr/bin/cmake -E cmake_link_script CMakeFiles/cmTryCompileExec3283339253.dir/link.txt --verbose=1]
  ignore line: [/usr/bin/cc     -v CMakeFiles/cmTryCompileExec3283339253.dir/CMakeCCompilerABI.c.o  -o cmTryCompileExec3283339253 -rdynamic  ]
  ignore line: [使用内建 specs。]
  ignore line: [COLLECT_GCC=/usr/bin/cc]
  ignore line: [COLLECT_LTO_WRAPPER=/usr/local/libexec/gcc/x86_64-unknown-linux-gnu/4.9.4/lto-wrapper]
  ignore line: [目标：x86_64-unknown-linux-gnu]
  ignore line: [配置为：../configure -enable-checking=release -enable-languages=c,c++ -disable-multilib]
  ignore line: [线程模型：posix]
  ignore line: [gcc 版本 4.9.4 (GCC) ]
  ignore line: [COMPILER_PATH=/usr/local/libexec/gcc/x86_64-unknown-linux-gnu/4.9.4/:/usr/local/libexec/gcc/x86_64-unknown-linux-gnu/4.9.4/:/usr/local/libexec/gcc/x86_64-unknown-linux-gnu/:/usr/local/lib/gcc/x86_64-unknown-linux-gnu/4.9.4/:/usr/local/lib/gcc/x86_64-unknown-linux-gnu/]
  ignore line: [LIBRARY_PATH=/usr/local/lib/gcc/x86_64-unknown-linux-gnu/4.9.4/:/usr/local/lib/gcc/x86_64-unknown-linux-gnu/4.9.4/../../../../lib64/:/lib/../lib64/:/usr/lib/../lib64/:./:/usr/local/protobuf/lib/:/usr/local/lib/gcc/x86_64-unknown-linux-gnu/4.9.4/../../../:/lib/:/usr/lib/]
  ignore line: [COLLECT_GCC_OPTIONS='-v' '-o' 'cmTryCompileExec3283339253' '-rdynamic' '-mtune=generic' '-march=x86-64']
  link line: [ /usr/local/libexec/gcc/x86_64-unknown-linux-gnu/4.9.4/collect2 --eh-frame-hdr -m elf_x86_64 -export-dynamic -dynamic-linker /lib64/ld-linux-x86-64.so.2 -o cmTryCompileExec3283339253 /usr/lib/../lib64/crt1.o /usr/lib/../lib64/crti.o /usr/local/lib/gcc/x86_64-unknown-linux-gnu/4.9.4/crtbegin.o -L/usr/local/lib/gcc/x86_64-unknown-linux-gnu/4.9.4 -L/usr/local/lib/gcc/x86_64-unknown-linux-gnu/4.9.4/../../../../lib64 -L/lib/../lib64 -L/usr/lib/../lib64 -L. -L/usr/local/protobuf/lib -L/usr/local/lib/gcc/x86_64-unknown-linux-gnu/4.9.4/../../.. CMakeFiles/cmTryCompileExec3283339253.dir/CMakeCCompilerABI.c.o -lgcc --as-needed -lgcc_s --no-as-needed -lc -lgcc --as-needed -lgcc_s --no-as-needed /usr/local/lib/gcc/x86_64-unknown-linux-gnu/4.9.4/crtend.o /usr/lib/../lib64/crtn.o]
    arg [/usr/local/libexec/gcc/x86_64-unknown-linux-gnu/4.9.4/collect2] ==> ignore
    arg [--eh-frame-hdr] ==> ignore
    arg [-m] ==> ignore
    arg [elf_x86_64] ==> ignore
    arg [-export-dynamic] ==> ignore
    arg [-dynamic-linker] ==> ignore
    arg [/lib64/ld-linux-x86-64.so.2] ==> ignore
    arg [-o] ==> ignore
    arg [cmTryCompileExec3283339253] ==> ignore
    arg [/usr/lib/../lib64/crt1.o] ==> ignore
    arg [/usr/lib/../lib64/crti.o] ==> ignore
    arg [/usr/local/lib/gcc/x86_64-unknown-linux-gnu/4.9.4/crtbegin.o] ==> ignore
    arg [-L/usr/local/lib/gcc/x86_64-unknown-linux-gnu/4.9.4] ==> dir [/usr/local/lib/gcc/x86_64-unknown-linux-gnu/4.9.4]
    arg [-L/usr/local/lib/gcc/x86_64-unknown-linux-gnu/4.9.4/../../../../lib64] ==> dir [/usr/local/lib/gcc/x86_64-unknown-linux-gnu/4.9.4/../../../../lib64]
    arg [-L/lib/../lib64] ==> dir [/lib/../lib64]
    arg [-L/usr/lib/../lib64] ==> dir [/usr/lib/../lib64]
    arg [-L.] ==> ignore
    arg [-L/usr/local/protobuf/lib] ==> dir [/usr/local/protobuf/lib]
    arg [-L/usr/local/lib/gcc/x86_64-unknown-linux-gnu/4.9.4/../../..] ==> dir [/usr/local/lib/gcc/x86_64-unknown-linux-gnu/4.9.4/../../..]
    arg [CMakeFiles/cmTryCompileExec3283339253.dir/CMakeCCompilerABI.c.o] ==> ignore
    arg [-lgcc] ==> lib [gcc]
    arg [--as-needed] ==> ignore
    arg [-lgcc_s] ==> lib [gcc_s]
    arg [--no-as-needed] ==> ignore
    arg [-lc] ==> lib [c]
    arg [-lgcc] ==> lib [gcc]
    arg [--as-needed] ==> ignore
    arg [-lgcc_s] ==> lib [gcc_s]
    arg [--no-as-needed] ==> ignore
    arg [/usr/local/lib/gcc/x86_64-unknown-linux-gnu/4.9.4/crtend.o] ==> ignore
    arg [/usr/lib/../lib64/crtn.o] ==> ignore
  remove lib [gcc]
  remove lib [gcc_s]
  remove lib [gcc]
  remove lib [gcc_s]
  collapse library dir [/usr/local/lib/gcc/x86_64-unknown-linux-gnu/4.9.4] ==> [/usr/local/lib/gcc/x86_64-unknown-linux-gnu/4.9.4]
  collapse library dir [/usr/local/lib/gcc/x86_64-unknown-linux-gnu/4.9.4/../../../../lib64] ==> [/usr/local/lib64]
  collapse library dir [/lib/../lib64] ==> [/lib64]
  collapse library dir [/usr/lib/../lib64] ==> [/usr/lib64]
  collapse library dir [/usr/local/protobuf/lib] ==> [/usr/local/protobuf/lib]
  collapse library dir [/usr/local/lib/gcc/x86_64-unknown-linux-gnu/4.9.4/../../..] ==> [/usr/local/lib]
  implicit libs: [c]
  implicit dirs: [/usr/local/lib/gcc/x86_64-unknown-linux-gnu/4.9.4;/usr/local/lib64;/lib64;/usr/lib64;/usr/local/protobuf/lib;/usr/local/lib]
  implicit fwks: []


Determining if the CXX compiler works passed with the following output:
Change Dir: /root/workspace/activityTool/Debug/CMakeFiles/CMakeTmp

Run Build Command:/usr/bin/gmake "cmTryCompileExec568355547/fast"
/usr/bin/gmake -f CMakeFiles/cmTryCompileExec568355547.dir/build.make CMakeFiles/cmTryCompileExec568355547.dir/build
gmake[1]: Entering directory `/root/workspace/activityTool/Debug/CMakeFiles/CMakeTmp'
/usr/bin/cmake -E cmake_progress_report /root/workspace/activityTool/Debug/CMakeFiles/CMakeTmp/CMakeFiles 1
Building CXX object CMakeFiles/cmTryCompileExec568355547.dir/testCXXCompiler.cxx.o
/usr/bin/c++     -o CMakeFiles/cmTryCompileExec568355547.dir/testCXXCompiler.cxx.o -c /root/workspace/activityTool/Debug/CMakeFiles/CMakeTmp/testCXXCompiler.cxx
Linking CXX executable cmTryCompileExec568355547
/usr/bin/cmake -E cmake_link_script CMakeFiles/cmTryCompileExec568355547.dir/link.txt --verbose=1
/usr/bin/c++        CMakeFiles/cmTryCompileExec568355547.dir/testCXXCompiler.cxx.o  -o cmTryCompileExec568355547 -rdynamic 
gmake[1]: Leaving directory `/root/workspace/activityTool/Debug/CMakeFiles/CMakeTmp'


Detecting CXX compiler ABI info compiled with the following output:
Change Dir: /root/workspace/activityTool/Debug/CMakeFiles/CMakeTmp

Run Build Command:/usr/bin/gmake "cmTryCompileExec3258123545/fast"
/usr/bin/gmake -f CMakeFiles/cmTryCompileExec3258123545.dir/build.make CMakeFiles/cmTryCompileExec3258123545.dir/build
gmake[1]: Entering directory `/root/workspace/activityTool/Debug/CMakeFiles/CMakeTmp'
/usr/bin/cmake -E cmake_progress_report /root/workspace/activityTool/Debug/CMakeFiles/CMakeTmp/CMakeFiles 1
Building CXX object CMakeFiles/cmTryCompileExec3258123545.dir/CMakeCXXCompilerABI.cpp.o
/usr/bin/c++     -o CMakeFiles/cmTryCompileExec3258123545.dir/CMakeCXXCompilerABI.cpp.o -c /usr/share/cmake/Modules/CMakeCXXCompilerABI.cpp
Linking CXX executable cmTryCompileExec3258123545
/usr/bin/cmake -E cmake_link_script CMakeFiles/cmTryCompileExec3258123545.dir/link.txt --verbose=1
/usr/bin/c++      -v CMakeFiles/cmTryCompileExec3258123545.dir/CMakeCXXCompilerABI.cpp.o  -o cmTryCompileExec3258123545 -rdynamic  
使用内建 specs。
COLLECT_GCC=/usr/bin/c++
COLLECT_LTO_WRAPPER=/usr/local/libexec/gcc/x86_64-unknown-linux-gnu/4.9.4/lto-wrapper
目标：x86_64-unknown-linux-gnu
配置为：../configure -enable-checking=release -enable-languages=c,c++ -disable-multilib
线程模型：posix
gcc 版本 4.9.4 (GCC) 
COMPILER_PATH=/usr/local/libexec/gcc/x86_64-unknown-linux-gnu/4.9.4/:/usr/local/libexec/gcc/x86_64-unknown-linux-gnu/4.9.4/:/usr/local/libexec/gcc/x86_64-unknown-linux-gnu/:/usr/local/lib/gcc/x86_64-unknown-linux-gnu/4.9.4/:/usr/local/lib/gcc/x86_64-unknown-linux-gnu/
LIBRARY_PATH=/usr/local/lib/gcc/x86_64-unknown-linux-gnu/4.9.4/:/usr/local/lib/gcc/x86_64-unknown-linux-gnu/4.9.4/../../../../lib64/:/lib/../lib64/:/usr/lib/../lib64/:./:/usr/local/protobuf/lib/:/usr/local/lib/gcc/x86_64-unknown-linux-gnu/4.9.4/../../../:/lib/:/usr/lib/
COLLECT_GCC_OPTIONS='-v' '-o' 'cmTryCompileExec3258123545' '-rdynamic' '-shared-libgcc' '-mtune=generic' '-march=x86-64'
 /usr/local/libexec/gcc/x86_64-unknown-linux-gnu/4.9.4/collect2 --eh-frame-hdr -m elf_x86_64 -export-dynamic -dynamic-linker /lib64/ld-linux-x86-64.so.2 -o cmTryCompileExec3258123545 /usr/lib/../lib64/crt1.o /usr/lib/../lib64/crti.o /usr/local/lib/gcc/x86_64-unknown-linux-gnu/4.9.4/crtbegin.o -L/usr/local/lib/gcc/x86_64-unknown-linux-gnu/4.9.4 -L/usr/local/lib/gcc/x86_64-unknown-linux-gnu/4.9.4/../../../../lib64 -L/lib/../lib64 -L/usr/lib/../lib64 -L. -L/usr/local/protobuf/lib -L/usr/local/lib/gcc/x86_64-unknown-linux-gnu/4.9.4/../../.. CMakeFiles/cmTryCompileExec3258123545.dir/CMakeCXXCompilerABI.cpp.o -lstdc++ -lm -lgcc_s -lgcc -lc -lgcc_s -lgcc /usr/local/lib/gcc/x86_64-unknown-linux-gnu/4.9.4/crtend.o /usr/lib/../lib64/crtn.o
gmake[1]: Leaving directory `/root/workspace/activityTool/Debug/CMakeFiles/CMakeTmp'


Parsed CXX implicit link information from above output:
  link line regex: [^( *|.*[/\])(ld|([^/\]+-)?ld|collect2)[^/\]*( |$)]
  ignore line: [Change Dir: /root/workspace/activityTool/Debug/CMakeFiles/CMakeTmp]
  ignore line: []
  ignore line: [Run Build Command:/usr/bin/gmake "cmTryCompileExec3258123545/fast"]
  ignore line: [/usr/bin/gmake -f CMakeFiles/cmTryCompileExec3258123545.dir/build.make CMakeFiles/cmTryCompileExec3258123545.dir/build]
  ignore line: [gmake[1]: Entering directory `/root/workspace/activityTool/Debug/CMakeFiles/CMakeTmp']
  ignore line: [/usr/bin/cmake -E cmake_progress_report /root/workspace/activityTool/Debug/CMakeFiles/CMakeTmp/CMakeFiles 1]
  ignore line: [Building CXX object CMakeFiles/cmTryCompileExec3258123545.dir/CMakeCXXCompilerABI.cpp.o]
  ignore line: [/usr/bin/c++     -o CMakeFiles/cmTryCompileExec3258123545.dir/CMakeCXXCompilerABI.cpp.o -c /usr/share/cmake/Modules/CMakeCXXCompilerABI.cpp]
  ignore line: [Linking CXX executable cmTryCompileExec3258123545]
  ignore line: [/usr/bin/cmake -E cmake_link_script CMakeFiles/cmTryCompileExec3258123545.dir/link.txt --verbose=1]
  ignore line: [/usr/bin/c++      -v CMakeFiles/cmTryCompileExec3258123545.dir/CMakeCXXCompilerABI.cpp.o  -o cmTryCompileExec3258123545 -rdynamic  ]
  ignore line: [使用内建 specs。]
  ignore line: [COLLECT_GCC=/usr/bin/c++]
  ignore line: [COLLECT_LTO_WRAPPER=/usr/local/libexec/gcc/x86_64-unknown-linux-gnu/4.9.4/lto-wrapper]
  ignore line: [目标：x86_64-unknown-linux-gnu]
  ignore line: [配置为：../configure -enable-checking=release -enable-languages=c,c++ -disable-multilib]
  ignore line: [线程模型：posix]
  ignore line: [gcc 版本 4.9.4 (GCC) ]
  ignore line: [COMPILER_PATH=/usr/local/libexec/gcc/x86_64-unknown-linux-gnu/4.9.4/:/usr/local/libexec/gcc/x86_64-unknown-linux-gnu/4.9.4/:/usr/local/libexec/gcc/x86_64-unknown-linux-gnu/:/usr/local/lib/gcc/x86_64-unknown-linux-gnu/4.9.4/:/usr/local/lib/gcc/x86_64-unknown-linux-gnu/]
  ignore line: [LIBRARY_PATH=/usr/local/lib/gcc/x86_64-unknown-linux-gnu/4.9.4/:/usr/local/lib/gcc/x86_64-unknown-linux-gnu/4.9.4/../../../../lib64/:/lib/../lib64/:/usr/lib/../lib64/:./:/usr/local/protobuf/lib/:/usr/local/lib/gcc/x86_64-unknown-linux-gnu/4.9.4/../../../:/lib/:/usr/lib/]
  ignore line: [COLLECT_GCC_OPTIONS='-v' '-o' 'cmTryCompileExec3258123545' '-rdynamic' '-shared-libgcc' '-mtune=generic' '-march=x86-64']
  link line: [ /usr/local/libexec/gcc/x86_64-unknown-linux-gnu/4.9.4/collect2 --eh-frame-hdr -m elf_x86_64 -export-dynamic -dynamic-linker /lib64/ld-linux-x86-64.so.2 -o cmTryCompileExec3258123545 /usr/lib/../lib64/crt1.o /usr/lib/../lib64/crti.o /usr/local/lib/gcc/x86_64-unknown-linux-gnu/4.9.4/crtbegin.o -L/usr/local/lib/gcc/x86_64-unknown-linux-gnu/4.9.4 -L/usr/local/lib/gcc/x86_64-unknown-linux-gnu/4.9.4/../../../../lib64 -L/lib/../lib64 -L/usr/lib/../lib64 -L. -L/usr/local/protobuf/lib -L/usr/local/lib/gcc/x86_64-unknown-linux-gnu/4.9.4/../../.. CMakeFiles/cmTryCompileExec3258123545.dir/CMakeCXXCompilerABI.cpp.o -lstdc++ -lm -lgcc_s -lgcc -lc -lgcc_s -lgcc /usr/local/lib/gcc/x86_64-unknown-linux-gnu/4.9.4/crtend.o /usr/lib/../lib64/crtn.o]
    arg [/usr/local/libexec/gcc/x86_64-unknown-linux-gnu/4.9.4/collect2] ==> ignore
    arg [--eh-frame-hdr] ==> ignore
    arg [-m] ==> ignore
    arg [elf_x86_64] ==> ignore
    arg [-export-dynamic] ==> ignore
    arg [-dynamic-linker] ==> ignore
    arg [/lib64/ld-linux-x86-64.so.2] ==> ignore
    arg [-o] ==> ignore
    arg [cmTryCompileExec3258123545] ==> ignore
    arg [/usr/lib/../lib64/crt1.o] ==> ignore
    arg [/usr/lib/../lib64/crti.o] ==> ignore
    arg [/usr/local/lib/gcc/x86_64-unknown-linux-gnu/4.9.4/crtbegin.o] ==> ignore
    arg [-L/usr/local/lib/gcc/x86_64-unknown-linux-gnu/4.9.4] ==> dir [/usr/local/lib/gcc/x86_64-unknown-linux-gnu/4.9.4]
    arg [-L/usr/local/lib/gcc/x86_64-unknown-linux-gnu/4.9.4/../../../../lib64] ==> dir [/usr/local/lib/gcc/x86_64-unknown-linux-gnu/4.9.4/../../../../lib64]
    arg [-L/lib/../lib64] ==> dir [/lib/../lib64]
    arg [-L/usr/lib/../lib64] ==> dir [/usr/lib/../lib64]
    arg [-L.] ==> ignore
    arg [-L/usr/local/protobuf/lib] ==> dir [/usr/local/protobuf/lib]
    arg [-L/usr/local/lib/gcc/x86_64-unknown-linux-gnu/4.9.4/../../..] ==> dir [/usr/local/lib/gcc/x86_64-unknown-linux-gnu/4.9.4/../../..]
    arg [CMakeFiles/cmTryCompileExec3258123545.dir/CMakeCXXCompilerABI.cpp.o] ==> ignore
    arg [-lstdc++] ==> lib [stdc++]
    arg [-lm] ==> lib [m]
    arg [-lgcc_s] ==> lib [gcc_s]
    arg [-lgcc] ==> lib [gcc]
    arg [-lc] ==> lib [c]
    arg [-lgcc_s] ==> lib [gcc_s]
    arg [-lgcc] ==> lib [gcc]
    arg [/usr/local/lib/gcc/x86_64-unknown-linux-gnu/4.9.4/crtend.o] ==> ignore
    arg [/usr/lib/../lib64/crtn.o] ==> ignore
  remove lib [gcc_s]
  remove lib [gcc]
  remove lib [gcc_s]
  remove lib [gcc]
  collapse library dir [/usr/local/lib/gcc/x86_64-unknown-linux-gnu/4.9.4] ==> [/usr/local/lib/gcc/x86_64-unknown-linux-gnu/4.9.4]
  collapse library dir [/usr/local/lib/gcc/x86_64-unknown-linux-gnu/4.9.4/../../../../lib64] ==> [/usr/local/lib64]
  collapse library dir [/lib/../lib64] ==> [/lib64]
  collapse library dir [/usr/lib/../lib64] ==> [/usr/lib64]
  collapse library dir [/usr/local/protobuf/lib] ==> [/usr/local/protobuf/lib]
  collapse library dir [/usr/local/lib/gcc/x86_64-unknown-linux-gnu/4.9.4/../../..] ==> [/usr/local/lib]
  implicit libs: [stdc++;m;c]
  implicit dirs: [/usr/local/lib/gcc/x86_64-unknown-linux-gnu/4.9.4;/usr/local/lib64;/lib64;/usr/lib64;/usr/local/protobuf/lib;/usr/local/lib]
  implicit fwks: []


Determining if files pthread.h exist passed with the following output:
Change Dir: /root/workspace/activityTool/Debug/CMakeFiles/CMakeTmp

Run Build Command:/usr/bin/gmake "cmTryCompileExec919279590/fast"
/usr/bin/gmake -f CMakeFiles/cmTryCompileExec919279590.dir/build.make CMakeFiles/cmTryCompileExec919279590.dir/build
gmake[1]: Entering directory `/root/workspace/activityTool/Debug/CMakeFiles/CMakeTmp'
/usr/bin/cmake -E cmake_progress_report /root/workspace/activityTool/Debug/CMakeFiles/CMakeTmp/CMakeFiles 1
Building C object CMakeFiles/cmTryCompileExec919279590.dir/CheckIncludeFiles.c.o
/usr/bin/cc    -o CMakeFiles/cmTryCompileExec919279590.dir/CheckIncludeFiles.c.o   -c /root/workspace/activityTool/Debug/CMakeFiles/CMakeTmp/CheckIncludeFiles.c
Linking C executable cmTryCompileExec919279590
/usr/bin/cmake -E cmake_link_script CMakeFiles/cmTryCompileExec919279590.dir/link.txt --verbose=1
/usr/bin/cc       CMakeFiles/cmTryCompileExec919279590.dir/CheckIncludeFiles.c.o  -o cmTryCompileExec919279590 -rdynamic 
gmake[1]: Leaving directory `/root/workspace/activityTool/Debug/CMakeFiles/CMakeTmp'


Determining if the function pthread_create exists in the pthread passed with the following output:
Change Dir: /root/workspace/activityTool/Debug/CMakeFiles/CMakeTmp

Run Build Command:/usr/bin/gmake "cmTryCompileExec4279506170/fast"
/usr/bin/gmake -f CMakeFiles/cmTryCompileExec4279506170.dir/build.make CMakeFiles/cmTryCompileExec4279506170.dir/build
gmake[1]: Entering directory `/root/workspace/activityTool/Debug/CMakeFiles/CMakeTmp'
/usr/bin/cmake -E cmake_progress_report /root/workspace/activityTool/Debug/CMakeFiles/CMakeTmp/CMakeFiles 1
Building C object CMakeFiles/cmTryCompileExec4279506170.dir/CheckFunctionExists.c.o
/usr/bin/cc   -DCHECK_FUNCTION_EXISTS=pthread_create   -o CMakeFiles/cmTryCompileExec4279506170.dir/CheckFunctionExists.c.o   -c /usr/share/cmake/Modules/CheckFunctionExists.c
Linking C executable cmTryCompileExec4279506170
/usr/bin/cmake -E cmake_link_script CMakeFiles/cmTryCompileExec4279506170.dir/link.txt --verbose=1
/usr/bin/cc   -DCHECK_FUNCTION_EXISTS=pthread_create    CMakeFiles/cmTryCompileExec4279506170.dir/CheckFunctionExists.c.o  -o cmTryCompileExec4279506170 -rdynamic -lpthread 
gmake[1]: Leaving directory `/root/workspace/activityTool/Debug/CMakeFiles/CMakeTmp'


